<?xml version="1.0" encoding="UTF-8"?>
<!-- Generated by org.testng.reporters.JUnitReportReporter -->
<testsuite hostname="Pablo" failures="0" tests="4" name="tests.LoginTests" time="8.357" errors="0" timestamp="2026-09-25T15:10:21 CEST" skipped="0">
  <testcase classname="tests.LoginTests" name="test" time="3.321"/>
  <testcase classname="tests.LoginTests" name="test" time="1.014"/>
  <testcase classname="tests.LoginTests" name="testFailedLogin" time="2.823"/>
  <testcase classname="tests.LoginTests" name="testFailedLogin" time="1.199"/>
</testsuite> <!-- tests.LoginTests -->
