<?xml version="1.0" encoding="UTF-8"?>
<testng-results ignored="0" total="8" passed="8" failed="0" skipped="0">
  <reporter-output>
  </reporter-output>
  <suite started-at="2026-09-25T15:10:04 CEST" name="Suite" finished-at="2026-09-25T15:10:21 CEST" duration-ms="17091">
    <groups>
    </groups>
    <test started-at="2026-09-25T15:10:04 CEST" name="Pruebas en Chrome" finished-at="2026-09-25T15:10:09 CEST" duration-ms="4877">
      <class name="tests.LoginTests">
        <test-method is-config="true" signature="setup(java.lang.String)[pri:0, instance:tests.LoginTests@498d318c]" started-at="2026-09-25T15:10:04 CEST" name="setup" finished-at="2026-09-25T15:10:05 CEST" duration-ms="910" status="PASS">
          <params>
            <param index="0">
              <value>
                <![CDATA[chrome]]>
              </value>
            </param>
          </params>
          <reporter-output>
          </reporter-output>
        </test-method> <!-- setup -->
        <test-method signature="test(java.lang.String,java.lang.String)[pri:0, instance:tests.LoginTests@498d318c]" started-at="2026-09-25T15:10:05 CEST" name="test" data-provider="userData" finished-at="2026-09-25T15:10:05 CEST" duration-ms="199" status="PASS">
          <params>
            <param index="0">
              <value>
                <![CDATA[standard_user]]>
              </value>
            </param>
            <param index="1">
              <value>
                <![CDATA[secret_sauce]]>
              </value>
            </param>
          </params>
          <reporter-output>
          </reporter-output>
        </test-method> <!-- test -->
        <test-method is-config="true" signature="tearDown()[pri:0, instance:tests.LoginTests@498d318c]" started-at="2026-09-25T15:10:05 CEST" name="tearDown" finished-at="2026-09-25T15:10:05 CEST" duration-ms="229" status="PASS">
          <reporter-output>
          </reporter-output>
        </test-method> <!-- tearDown -->
        <test-method is-config="true" signature="setup(java.lang.String)[pri:0, instance:tests.LoginTests@498d318c]" started-at="2026-09-25T15:10:05 CEST" name="setup" finished-at="2026-09-25T15:10:06 CEST" duration-ms="586" status="PASS">
          <params>
            <param index="0">
              <value>
                <![CDATA[chrome]]>
              </value>
            </param>
          </params>
          <reporter-output>
          </reporter-output>
        </test-method> <!-- setup -->
        <test-method signature="testFailedLogin(java.lang.String,java.lang.String)[pri:0, instance:tests.LoginTests@498d318c]" started-at="2026-09-25T15:10:06 CEST" name="testFailedLogin" data-provider="invalidUserData" finished-at="2026-09-25T15:10:06 CEST" duration-ms="180" status="PASS">
          <params>
            <param index="0">
              <value>
                <![CDATA[user_incorrecto]]>
              </value>
            </param>
            <param index="1">
              <value>
                <![CDATA[secret_sauce]]>
              </value>
            </param>
          </params>
          <reporter-output>
          </reporter-output>
        </test-method> <!-- testFailedLogin -->
        <test-method is-config="true" signature="tearDown()[pri:0, instance:tests.LoginTests@498d318c]" started-at="2026-09-25T15:10:06 CEST" name="tearDown" finished-at="2026-09-25T15:10:06 CEST" duration-ms="109" status="PASS">
          <reporter-output>
          </reporter-output>
        </test-method> <!-- tearDown -->
      </class> <!-- tests.LoginTests -->
      <class name="tests.ProductsTests">
        <test-method is-config="true" signature="setup(java.lang.String)[pri:0, instance:tests.ProductsTests@294425a7]" started-at="2026-09-25T15:10:07 CEST" name="setup" finished-at="2026-09-25T15:10:08 CEST" duration-ms="663" status="PASS">
          <params>
            <param index="0">
              <value>
                <![CDATA[chrome]]>
              </value>
            </param>
          </params>
          <reporter-output>
          </reporter-output>
        </test-method> <!-- setup -->
        <test-method signature="priceLowToHigh()[pri:0, instance:tests.ProductsTests@294425a7]" started-at="2026-09-25T15:10:08 CEST" name="priceLowToHigh" finished-at="2026-09-25T15:10:09 CEST" duration-ms="780" status="PASS">
          <reporter-output>
          </reporter-output>
        </test-method> <!-- priceLowToHigh -->
        <test-method is-config="true" signature="tearDown()[pri:0, instance:tests.ProductsTests@294425a7]" started-at="2026-09-25T15:10:09 CEST" name="tearDown" finished-at="2026-09-25T15:10:09 CEST" duration-ms="123" status="PASS">
          <reporter-output>
          </reporter-output>
        </test-method> <!-- tearDown -->
      </class> <!-- tests.ProductsTests -->
      <class name="tests.CartTests">
        <test-method is-config="true" signature="setup(java.lang.String)[pri:0, instance:tests.CartTests@6379eb]" started-at="2026-09-25T15:10:06 CEST" name="setup" finished-at="2026-09-25T15:10:07 CEST" duration-ms="651" status="PASS">
          <params>
            <param index="0">
              <value>
                <![CDATA[chrome]]>
              </value>
            </param>
          </params>
          <reporter-output>
          </reporter-output>
        </test-method> <!-- setup -->
        <test-method signature="test()[pri:0, instance:tests.CartTests@6379eb]" started-at="2026-09-25T15:10:07 CEST" name="test" finished-at="2026-09-25T15:10:07 CEST" duration-ms="283" status="PASS">
          <reporter-output>
          </reporter-output>
        </test-method> <!-- test -->
        <test-method is-config="true" signature="tearDown()[pri:0, instance:tests.CartTests@6379eb]" started-at="2026-09-25T15:10:07 CEST" name="tearDown" finished-at="2026-09-25T15:10:07 CEST" duration-ms="120" status="PASS">
          <reporter-output>
          </reporter-output>
        </test-method> <!-- tearDown -->
      </class> <!-- tests.CartTests -->
    </test> <!-- Pruebas en Chrome -->
    <test started-at="2026-09-25T15:10:09 CEST" name="Pruebas en Firefox" finished-at="2026-09-25T15:10:21 CEST" duration-ms="12196">
      <class name="tests.LoginTests">
        <test-method is-config="true" signature="setup(java.lang.String)[pri:0, instance:tests.LoginTests@6aeb35e6]" started-at="2026-09-25T15:10:09 CEST" name="setup" finished-at="2026-09-25T15:10:11 CEST" duration-ms="2051" status="PASS">
          <params>
            <param index="0">
              <value>
                <![CDATA[firefox]]>
              </value>
            </param>
          </params>
          <reporter-output>
          </reporter-output>
        </test-method> <!-- setup -->
        <test-method signature="test(java.lang.String,java.lang.String)[pri:0, instance:tests.LoginTests@6aeb35e6]" started-at="2026-09-25T15:10:11 CEST" name="test" data-provider="userData" finished-at="2026-09-25T15:10:11 CEST" duration-ms="183" status="PASS">
          <params>
            <param index="0">
              <value>
                <![CDATA[standard_user]]>
              </value>
            </param>
            <param index="1">
              <value>
                <![CDATA[secret_sauce]]>
              </value>
            </param>
          </params>
          <reporter-output>
          </reporter-output>
        </test-method> <!-- test -->
        <test-method is-config="true" signature="tearDown()[pri:0, instance:tests.LoginTests@6aeb35e6]" started-at="2026-09-25T15:10:11 CEST" name="tearDown" finished-at="2026-09-25T15:10:12 CEST" duration-ms="1024" status="PASS">
          <reporter-output>
          </reporter-output>
        </test-method> <!-- tearDown -->
        <test-method is-config="true" signature="setup(java.lang.String)[pri:0, instance:tests.LoginTests@6aeb35e6]" started-at="2026-09-25T15:10:12 CEST" name="setup" finished-at="2026-09-25T15:10:14 CEST" duration-ms="2114" status="PASS">
          <params>
            <param index="0">
              <value>
                <![CDATA[firefox]]>
              </value>
            </param>
          </params>
          <reporter-output>
          </reporter-output>
        </test-method> <!-- setup -->
        <test-method signature="testFailedLogin(java.lang.String,java.lang.String)[pri:0, instance:tests.LoginTests@6aeb35e6]" started-at="2026-09-25T15:10:14 CEST" name="testFailedLogin" data-provider="invalidUserData" finished-at="2026-09-25T15:10:14 CEST" duration-ms="255" status="PASS">
          <params>
            <param index="0">
              <value>
                <![CDATA[user_incorrecto]]>
              </value>
            </param>
            <param index="1">
              <value>
                <![CDATA[secret_sauce]]>
              </value>
            </param>
          </params>
          <reporter-output>
          </reporter-output>
        </test-method> <!-- testFailedLogin -->
        <test-method is-config="true" signature="tearDown()[pri:0, instance:tests.LoginTests@6aeb35e6]" started-at="2026-09-25T15:10:14 CEST" name="tearDown" finished-at="2026-09-25T15:10:15 CEST" duration-ms="517" status="PASS">
          <reporter-output>
          </reporter-output>
        </test-method> <!-- tearDown -->
      </class> <!-- tests.LoginTests -->
      <class name="tests.ProductsTests">
        <test-method is-config="true" signature="setup(java.lang.String)[pri:0, instance:tests.ProductsTests@74f0ea28]" started-at="2026-09-25T15:10:18 CEST" name="setup" finished-at="2026-09-25T15:10:20 CEST" duration-ms="1977" status="PASS">
          <params>
            <param index="0">
              <value>
                <![CDATA[firefox]]>
              </value>
            </param>
          </params>
          <reporter-output>
          </reporter-output>
        </test-method> <!-- setup -->
        <test-method signature="priceLowToHigh()[pri:0, instance:tests.ProductsTests@74f0ea28]" started-at="2026-09-25T15:10:20 CEST" name="priceLowToHigh" finished-at="2026-09-25T15:10:20 CEST" duration-ms="355" status="PASS">
          <reporter-output>
          </reporter-output>
        </test-method> <!-- priceLowToHigh -->
        <test-method is-config="true" signature="tearDown()[pri:0, instance:tests.ProductsTests@74f0ea28]" started-at="2026-09-25T15:10:20 CEST" name="tearDown" finished-at="2026-09-25T15:10:21 CEST" duration-ms="498" status="PASS">
          <reporter-output>
          </reporter-output>
        </test-method> <!-- tearDown -->
      </class> <!-- tests.ProductsTests -->
      <class name="tests.CartTests">
        <test-method is-config="true" signature="setup(java.lang.String)[pri:0, instance:tests.CartTests@1283bb96]" started-at="2026-09-25T15:10:15 CEST" name="setup" finished-at="2026-09-25T15:10:17 CEST" duration-ms="1999" status="PASS">
          <params>
            <param index="0">
              <value>
                <![CDATA[firefox]]>
              </value>
            </param>
          </params>
          <reporter-output>
          </reporter-output>
        </test-method> <!-- setup -->
        <test-method signature="test()[pri:0, instance:tests.CartTests@1283bb96]" started-at="2026-09-25T15:10:17 CEST" name="test" finished-at="2026-09-25T15:10:17 CEST" duration-ms="319" status="PASS">
          <reporter-output>
          </reporter-output>
        </test-method> <!-- test -->
        <test-method is-config="true" signature="tearDown()[pri:0, instance:tests.CartTests@1283bb96]" started-at="2026-09-25T15:10:17 CEST" name="tearDown" finished-at="2026-09-25T15:10:18 CEST" duration-ms="898" status="PASS">
          <reporter-output>
          </reporter-output>
        </test-method> <!-- tearDown -->
      </class> <!-- tests.CartTests -->
    </test> <!-- Pruebas en Firefox -->
  </suite> <!-- Suite -->
</testng-results>
