<?xml version="1.0" encoding="UTF-8"?>
<!-- Generated by org.testng.reporters.JUnitXMLReporter -->
<testsuite ignored="0" hostname="Pablo" failures="0" tests="4" name="Pruebas en Firefox" time="12.196" errors="0" timestamp="2026-09-25T15:10:21 CEST">
  <testcase classname="tests.LoginTests" name="test" time="0.183"/>
  <testcase classname="tests.LoginTests" name="testFailedLogin" time="0.255"/>
  <testcase classname="tests.CartTests" name="test" time="0.319"/>
  <testcase classname="tests.ProductsTests" name="priceLowToHigh" time="0.355"/>
</testsuite> <!-- Pruebas en Firefox -->
