<?xml version="1.0" encoding="UTF-8"?>
<!-- Generated by org.testng.reporters.JUnitXMLReporter -->
<testsuite ignored="0" hostname="Pablo" failures="0" tests="4" name="Pruebas en Chrome" time="4.877" errors="0" timestamp="2026-09-25T15:10:09 CEST">
  <testcase classname="tests.LoginTests" name="test" time="0.199"/>
  <testcase classname="tests.LoginTests" name="testFailedLogin" time="0.18"/>
  <testcase classname="tests.CartTests" name="test" time="0.283"/>
  <testcase classname="tests.ProductsTests" name="priceLowToHigh" time="0.78"/>
</testsuite> <!-- Pruebas en Chrome -->
